0 info it worked if it ends with ok
1 verbose cli [ '/usr/local/bin/node',
1 verbose cli   '/usr/local/bin/npm',
1 verbose cli   'install',
1 verbose cli   'cairo' ]
2 info using npm@2.15.9
3 info using node@v4.5.0
4 verbose install initial load of /Users/amandawouldgo/Desktop/gamegyft/package.json
5 verbose installManyTop reading scoped package data from /Users/amandawouldgo/Desktop/gamegyft/node_modules/fabric/package.json
6 verbose readDependencies loading dependencies from /Users/amandawouldgo/Desktop/gamegyft/package.json
7 silly cache add args [ 'cairo', null ]
8 verbose cache add spec cairo
9 silly cache add parsed spec Result {
9 silly cache add   raw: 'cairo',
9 silly cache add   scope: null,
9 silly cache add   name: 'cairo',
9 silly cache add   rawSpec: '',
9 silly cache add   spec: 'latest',
9 silly cache add   type: 'tag' }
10 silly addNamed cairo@latest
11 verbose addNamed "latest" is being treated as a dist-tag for cairo
12 info addNameTag [ 'cairo', 'latest' ]
13 silly mapToRegistry name cairo
14 silly mapToRegistry using default registry
15 silly mapToRegistry registry https://registry.npmjs.org/
16 silly mapToRegistry data Result {
16 silly mapToRegistry   raw: 'cairo',
16 silly mapToRegistry   scope: null,
16 silly mapToRegistry   name: 'cairo',
16 silly mapToRegistry   rawSpec: '',
16 silly mapToRegistry   spec: 'latest',
16 silly mapToRegistry   type: 'tag' }
17 silly mapToRegistry uri https://registry.npmjs.org/cairo
18 verbose addNameTag registry:https://registry.npmjs.org/cairo not in flight; fetching
19 verbose request uri https://registry.npmjs.org/cairo
20 verbose request no auth needed
21 info attempt registry request try #1 at 7:21:30 PM
22 verbose request id 9f68f752ceb301d6
23 http request GET https://registry.npmjs.org/cairo
24 http 404 https://registry.npmjs.org/cairo
25 verbose headers { 'content-type': 'application/json',
25 verbose headers   'cache-control': 'max-age=0',
25 verbose headers   'content-length': '2',
25 verbose headers   'accept-ranges': 'bytes',
25 verbose headers   date: 'Sun, 23 Oct 2016 02:21:31 GMT',
25 verbose headers   via: '1.1 varnish',
25 verbose headers   age: '0',
25 verbose headers   connection: 'keep-alive',
25 verbose headers   'x-served-by': 'cache-sea1927-SEA',
25 verbose headers   'x-cache': 'MISS',
25 verbose headers   'x-cache-hits': '0',
25 verbose headers   'x-timer': 'S1477189291.126731,VS0,VE85',
25 verbose headers   vary: 'Accept-Encoding' }
26 silly get cb [ 404,
26 silly get   { 'content-type': 'application/json',
26 silly get     'cache-control': 'max-age=0',
26 silly get     'content-length': '2',
26 silly get     'accept-ranges': 'bytes',
26 silly get     date: 'Sun, 23 Oct 2016 02:21:31 GMT',
26 silly get     via: '1.1 varnish',
26 silly get     age: '0',
26 silly get     connection: 'keep-alive',
26 silly get     'x-served-by': 'cache-sea1927-SEA',
26 silly get     'x-cache': 'MISS',
26 silly get     'x-cache-hits': '0',
26 silly get     'x-timer': 'S1477189291.126731,VS0,VE85',
26 silly get     vary: 'Accept-Encoding' } ]
27 verbose stack Error: Registry returned 404 for GET on https://registry.npmjs.org/cairo
27 verbose stack     at makeError (/usr/local/lib/node_modules/npm/node_modules/npm-registry-client/lib/request.js:264:12)
27 verbose stack     at CachingRegistryClient.<anonymous> (/usr/local/lib/node_modules/npm/node_modules/npm-registry-client/lib/request.js:242:14)
27 verbose stack     at Request._callback (/usr/local/lib/node_modules/npm/node_modules/npm-registry-client/lib/request.js:172:14)
27 verbose stack     at Request.self.callback (/usr/local/lib/node_modules/npm/node_modules/request/request.js:200:22)
27 verbose stack     at emitTwo (events.js:87:13)
27 verbose stack     at Request.emit (events.js:172:7)
27 verbose stack     at Request.<anonymous> (/usr/local/lib/node_modules/npm/node_modules/request/request.js:1067:10)
27 verbose stack     at emitOne (events.js:82:20)
27 verbose stack     at Request.emit (events.js:169:7)
27 verbose stack     at IncomingMessage.<anonymous> (/usr/local/lib/node_modules/npm/node_modules/request/request.js:988:12)
28 verbose statusCode 404
29 verbose pkgid cairo
30 verbose cwd /Users/amandawouldgo/Desktop/gamegyft
31 error Darwin 15.3.0
32 error argv "/usr/local/bin/node" "/usr/local/bin/npm" "install" "cairo"
33 error node v4.5.0
34 error npm  v2.15.9
35 error code E404
36 error 404 Registry returned 404 for GET on https://registry.npmjs.org/cairo
36 error 404
36 error 404 'cairo' is not in the npm registry.
36 error 404 You should bug the author to publish it (or use the name yourself!)
36 error 404
36 error 404 Note that you can also install from a
36 error 404 tarball, folder, http url, or git url.
37 verbose exit [ 1, true ]
